c:\users\chris\documents\source\repos\aoip\release\aoip.lib
c:\users\chris\documents\source\repos\aoip\release\aoip.exp
c:\users\admin\source\repos\aoip\release\aoip.lib
c:\users\admin\source\repos\aoip\release\aoip.exp
c:\users\chris\documents\source\repos\aoip\aoip\release\dllmain.obj
c:\users\chris\documents\source\repos\aoip\aoip\release\aoip.obj
c:\users\chris\documents\source\repos\aoip\aoip\release\vc142.pdb
c:\users\admin\source\repos\aoip\aoip\release\aoip.obj
c:\users\admin\source\repos\aoip\aoip\release\dllmain.obj
c:\users\admin\source\repos\aoip\aoip\release\vc142.pdb
c:\users\chris\documents\source\repos\aoip\release\aoip.dll
c:\users\chris\documents\source\repos\aoip\release\aoip.pdb
c:\users\admin\source\repos\aoip\release\aoip.dll
c:\users\admin\source\repos\aoip\release\aoip.pdb
c:\users\admin\source\repos\aoip\aoip\release\vc141.pdb
c:\users\admin\source\repos\aoip\aoip\release\aoip.tlog\aoip.write.1u.tlog
c:\users\admin\source\repos\aoip\aoip\release\aoip.tlog\cl.command.1.tlog
c:\users\admin\source\repos\aoip\aoip\release\aoip.tlog\cl.read.1.tlog
c:\users\admin\source\repos\aoip\aoip\release\aoip.tlog\cl.write.1.tlog
c:\users\admin\source\repos\aoip\aoip\release\aoip.tlog\link.command.1.tlog
c:\users\admin\source\repos\aoip\aoip\release\aoip.tlog\link.delete.1.tlog
c:\users\admin\source\repos\aoip\aoip\release\aoip.tlog\link.read.1.tlog
c:\users\admin\source\repos\aoip\aoip\release\aoip.tlog\link.write.1.tlog
